<?xml version="1.0" encoding="UTF-8"?>
<!-- Generated by org.testng.reporters.JUnitReportReporter -->
<testsuite hostname="DESKTOP-HPDBO82" failures="0" tests="1" name="seleniumPrograms.TestNGTest1" time="0.022" errors="0" timestamp="2023-07-16T20:57:59 IST" skipped="0">
  <testcase classname="seleniumPrograms.TestNGTest1" name="test1" time="0.022"/>
  <system-out/>
</testsuite> <!-- seleniumPrograms.TestNGTest1 -->
