<?xml version="1.0" encoding="UTF-8"?>
<!-- Generated by org.testng.reporters.JUnitReportReporter -->
<testsuite hostname="DESKTOP-HPDBO82" failures="0" tests="3" name="seleniumPrograms.TestNG2" time="0.021" errors="0" timestamp="2023-07-16T20:57:59 IST" skipped="0">
  <testcase classname="seleniumPrograms.TestNG2" name="test1" time="0.005"/>
  <system-out/>
  <testcase classname="seleniumPrograms.TestNG2" name="test3" time="0.011"/>
  <system-out/>
  <testcase classname="seleniumPrograms.TestNG2" name="test2" time="0.005"/>
  <system-out/>
</testsuite> <!-- seleniumPrograms.TestNG2 -->
