<?xml version="1.0" encoding="UTF-8"?>
<!-- Generated by org.testng.reporters.JUnitReportReporter -->
<testsuite hostname="DESKTOP-HPDBO82" failures="0" tests="4" name="seleniumPrograms.ScrollPageWithTestNG" time="34.611" errors="0" timestamp="2023-07-16T20:57:59 IST" skipped="3">
  <testcase classname="seleniumPrograms.ScrollPageWithTestNG" name="test2" time="34.611"/>
  <system-out/>
  <testcase classname="seleniumPrograms.ScrollPageWithTestNG" name="test3">
    <skipped/>
  </testcase> <!-- test3 -->
  <system-out/>
  <testcase classname="seleniumPrograms.ScrollPageWithTestNG" name="test4">
    <skipped/>
  </testcase> <!-- test4 -->
  <system-out/>
  <testcase classname="seleniumPrograms.ScrollPageWithTestNG" name="test1">
    <skipped/>
  </testcase> <!-- test1 -->
  <system-out/>
</testsuite> <!-- seleniumPrograms.ScrollPageWithTestNG -->
